2019-12-20T04:46:22+00:00 DEBUG 
====Stripe Version: 4.3.1====
====Start Log====
customers/cus_GN2BD5ah3j7iiy/sources request: Array
(
    [limit] => 100
)

====End Log====


2019-12-20T04:46:26+00:00 DEBUG 
====Stripe Version: 4.3.1====
====Start Log====
customers/cus_GN2BD5ah3j7iiy/sources request: Array
(
    [limit] => 100
)

====End Log====


2019-12-20T04:58:59+00:00 DEBUG 
====Stripe Version: 4.3.1====
====Start Log====
customers/cus_GN2BD5ah3j7iiy/sources request: Array
(
    [limit] => 100
)

====End Log====


2019-12-20T04:59:05+00:00 DEBUG 
====Stripe Version: 4.3.1====
====Start Log====
customers/cus_GN2BD5ah3j7iiy/sources request: Array
(
    [limit] => 100
)

====End Log====


2019-12-20T05:00:42+00:00 DEBUG 
====Stripe Version: 4.3.1====
====Start Log====
customers/cus_GN2BD5ah3j7iiy/sources request: Array
(
    [limit] => 100
)

====End Log====


2019-12-20T05:00:45+00:00 DEBUG 
====Stripe Version: 4.3.1====
====Start Log====
customers/cus_GN2BD5ah3j7iiy/sources request: Array
(
    [limit] => 100
)

====End Log====


2019-12-20T05:02:47+00:00 DEBUG 
====Stripe Version: 4.3.1====
====Start Log====
customers/cus_GN2BD5ah3j7iiy/sources request: Array
(
    [limit] => 100
)

====End Log====


2019-12-20T05:02:51+00:00 DEBUG 
====Stripe Version: 4.3.1====
====Start Log====
customers/cus_GN2BD5ah3j7iiy/sources request: Array
(
    [limit] => 100
)

====End Log====


2019-12-20T05:04:57+00:00 DEBUG 
====Stripe Version: 4.3.1====
====Start Log====
customers/cus_GN2BD5ah3j7iiy/sources request: Array
(
    [limit] => 100
)

====End Log====


2019-12-20T05:05:01+00:00 DEBUG 
====Stripe Version: 4.3.1====
====Start Log====
customers/cus_GN2BD5ah3j7iiy/sources request: Array
(
    [limit] => 100
)

====End Log====


2019-12-20T05:05:12+00:00 DEBUG 
====Stripe Version: 4.3.1====
====Start Log====
customers/cus_GN2BD5ah3j7iiy/sources request: Array
(
    [limit] => 100
)

====End Log====


2019-12-20T05:05:15+00:00 DEBUG 
====Stripe Version: 4.3.1====
====Start Log====
customers/cus_GN2BD5ah3j7iiy/sources request: Array
(
    [limit] => 100
)

====End Log====


2019-12-20T05:05:22+00:00 DEBUG 
====Stripe Version: 4.3.1====
====Start Log====
customers/cus_GN2BD5ah3j7iiy/sources request: Array
(
    [limit] => 100
)

====End Log====


2019-12-20T05:05:25+00:00 DEBUG 
====Stripe Version: 4.3.1====
====Start Log====
customers/cus_GN2BD5ah3j7iiy/sources request: Array
(
    [limit] => 100
)

====End Log====


2019-12-20T05:05:36+00:00 DEBUG 
====Stripe Version: 4.3.1====
====Start Log====
customers/cus_GN2BD5ah3j7iiy/sources request: Array
(
    [limit] => 100
)

====End Log====


2019-12-20T05:05:39+00:00 DEBUG 
====Stripe Version: 4.3.1====
====Start Log====
customers/cus_GN2BD5ah3j7iiy/sources request: Array
(
    [limit] => 100
)

====End Log====


2019-12-20T05:06:17+00:00 DEBUG 
====Stripe Version: 4.3.1====
====Start Log====
customers/cus_GN2BD5ah3j7iiy/sources request: Array
(
    [limit] => 100
)

====End Log====


2019-12-20T05:06:18+00:00 DEBUG 
====Stripe Version: 4.3.1====
====Start Log====
customers/cus_GN2BD5ah3j7iiy/sources request: Array
(
    [limit] => 100
)

====End Log====


2019-12-20T05:06:23+00:00 DEBUG 
====Stripe Version: 4.3.1====
====Start Log====
customers/cus_GN2BD5ah3j7iiy/sources request: Array
(
    [limit] => 100
)

====End Log====


2019-12-20T05:06:35+00:00 DEBUG 
====Stripe Version: 4.3.1====
====Start Log====
customers/cus_GN2BD5ah3j7iiy/sources request: Array
(
    [limit] => 100
)

====End Log====


2019-12-20T05:06:39+00:00 DEBUG 
====Stripe Version: 4.3.1====
====Start Log====
customers/cus_GN2BD5ah3j7iiy/sources request: Array
(
    [limit] => 100
)

====End Log====


2019-12-20T05:11:33+00:00 DEBUG 
====Stripe Version: 4.3.1====
====Start Log====
customers/cus_GN2BD5ah3j7iiy/sources request: Array
(
    [limit] => 100
)

====End Log====


2019-12-20T05:11:36+00:00 DEBUG 
====Stripe Version: 4.3.1====
====Start Log====
customers/cus_GN2BD5ah3j7iiy/sources request: Array
(
    [limit] => 100
)

====End Log====


2019-12-20T05:28:59+00:00 DEBUG 
====Stripe Version: 4.3.1====
====Start Log====
customers/cus_GN2BD5ah3j7iiy/sources request: Array
(
    [limit] => 100
)

====End Log====


2019-12-20T05:29:02+00:00 DEBUG 
====Stripe Version: 4.3.1====
====Start Log====
customers/cus_GN2BD5ah3j7iiy/sources request: Array
(
    [limit] => 100
)

====End Log====


2019-12-20T05:29:09+00:00 DEBUG 
====Stripe Version: 4.3.1====
====Start Log====
customers/cus_GN2BD5ah3j7iiy/sources request: Array
(
    [limit] => 100
)

====End Log====


2019-12-20T05:29:12+00:00 DEBUG 
====Stripe Version: 4.3.1====
====Start Log====
customers/cus_GN2BD5ah3j7iiy/sources request: Array
(
    [limit] => 100
)

====End Log====


2019-12-20T05:32:33+00:00 DEBUG 
====Stripe Version: 4.3.1====
====Start Log====
customers/cus_GN2BD5ah3j7iiy/sources request: Array
(
    [limit] => 100
)

====End Log====


2019-12-20T05:32:37+00:00 DEBUG 
====Stripe Version: 4.3.1====
====Start Log====
customers/cus_GN2BD5ah3j7iiy/sources request: Array
(
    [limit] => 100
)

====End Log====


2019-12-20T05:35:34+00:00 DEBUG 
====Stripe Version: 4.3.1====
====Start Log====
customers/cus_GN2BD5ah3j7iiy/sources request: Array
(
    [limit] => 100
)

====End Log====


2019-12-20T05:35:37+00:00 DEBUG 
====Stripe Version: 4.3.1====
====Start Log====
customers/cus_GN2BD5ah3j7iiy/sources request: Array
(
    [limit] => 100
)

====End Log====


2019-12-20T05:39:07+00:00 DEBUG 
====Stripe Version: 4.3.1====
====Start Log====
customers/cus_GN2BD5ah3j7iiy/sources request: Array
(
    [limit] => 100
)

====End Log====


2019-12-20T05:39:09+00:00 DEBUG 
====Stripe Version: 4.3.1====
====Start Log====
customers/cus_GN2BD5ah3j7iiy/sources request: Array
(
    [limit] => 100
)

====End Log====


2019-12-20T05:39:41+00:00 DEBUG 
====Stripe Version: 4.3.1====
====Start Log====
customers/cus_GN2BD5ah3j7iiy/sources request: Array
(
    [limit] => 100
)

====End Log====


2019-12-20T05:39:45+00:00 DEBUG 
====Stripe Version: 4.3.1====
====Start Log====
customers/cus_GN2BD5ah3j7iiy/sources request: Array
(
    [limit] => 100
)

====End Log====


2019-12-20T05:39:50+00:00 DEBUG 
====Stripe Version: 4.3.1====
====Start Log====
customers/cus_GN2BD5ah3j7iiy/sources request: Array
(
    [limit] => 100
)

====End Log====


2019-12-20T05:39:53+00:00 DEBUG 
====Stripe Version: 4.3.1====
====Start Log====
customers/cus_GN2BD5ah3j7iiy/sources request: Array
(
    [limit] => 100
)

====End Log====


2019-12-20T05:52:48+00:00 DEBUG 
====Stripe Version: 4.3.1====
====Start Log====
customers/cus_GN2BD5ah3j7iiy/sources request: Array
(
    [limit] => 100
)

====End Log====


2019-12-20T05:52:53+00:00 DEBUG 
====Stripe Version: 4.3.1====
====Start Log====
customers/cus_GN2BD5ah3j7iiy/sources request: Array
(
    [limit] => 100
)

====End Log====


2019-12-20T05:52:54+00:00 DEBUG 
====Stripe Version: 4.3.1====
====Start Log====
customers/cus_GN2BD5ah3j7iiy/sources request: Array
(
    [limit] => 100
)

====End Log====


2019-12-20T05:52:59+00:00 DEBUG 
====Stripe Version: 4.3.1====
====Start Log====
customers/cus_GN2BD5ah3j7iiy/sources request: Array
(
    [limit] => 100
)

====End Log====


2019-12-20T05:53:02+00:00 DEBUG 
====Stripe Version: 4.3.1====
====Start Log====
customers/cus_GN2BD5ah3j7iiy/sources request: Array
(
    [limit] => 100
)

====End Log====


2019-12-20T05:53:32+00:00 DEBUG 
====Stripe Version: 4.3.1====
====Start Log====
customers/cus_GN2BD5ah3j7iiy/sources request: Array
(
    [limit] => 100
)

====End Log====


2019-12-20T05:53:36+00:00 DEBUG 
====Stripe Version: 4.3.1====
====Start Log====
customers/cus_GN2BD5ah3j7iiy/sources request: Array
(
    [limit] => 100
)

====End Log====


2019-12-20T05:54:17+00:00 DEBUG 
====Stripe Version: 4.3.1====
====Start Log====
customers/cus_GN2BD5ah3j7iiy/sources request: Array
(
    [limit] => 100
)

====End Log====


2019-12-20T05:54:21+00:00 DEBUG 
====Stripe Version: 4.3.1====
====Start Log====
customers/cus_GN2BD5ah3j7iiy/sources request: Array
(
    [limit] => 100
)

====End Log====


2019-12-20T05:55:07+00:00 DEBUG 
====Stripe Version: 4.3.1====
====Start Log====
customers/cus_GN2BD5ah3j7iiy/sources request: Array
(
    [limit] => 100
)

====End Log====


2019-12-20T05:55:11+00:00 DEBUG 
====Stripe Version: 4.3.1====
====Start Log====
customers/cus_GN2BD5ah3j7iiy/sources request: Array
(
    [limit] => 100
)

====End Log====


2019-12-20T05:55:41+00:00 DEBUG 
====Stripe Version: 4.3.1====
====Start Log====
customers/cus_GN2BD5ah3j7iiy/sources request: Array
(
    [limit] => 100
)

====End Log====


2019-12-20T05:55:44+00:00 DEBUG 
====Stripe Version: 4.3.1====
====Start Log====
customers/cus_GN2BD5ah3j7iiy/sources request: Array
(
    [limit] => 100
)

====End Log====


2019-12-20T05:57:58+00:00 DEBUG 
====Stripe Version: 4.3.1====
====Start Log====
customers/cus_GN2BD5ah3j7iiy/sources request: Array
(
    [limit] => 100
)

====End Log====


2019-12-20T05:58:03+00:00 DEBUG 
====Stripe Version: 4.3.1====
====Start Log====
customers/cus_GN2BD5ah3j7iiy/sources request: Array
(
    [limit] => 100
)

====End Log====


2019-12-20T05:58:13+00:00 DEBUG 
====Stripe Version: 4.3.1====
====Start Log====
customers/cus_GN2BD5ah3j7iiy/sources request: Array
(
    [limit] => 100
)

====End Log====


2019-12-20T05:58:16+00:00 DEBUG 
====Stripe Version: 4.3.1====
====Start Log====
customers/cus_GN2BD5ah3j7iiy/sources request: Array
(
    [limit] => 100
)

====End Log====


2019-12-20T05:58:22+00:00 DEBUG 
====Stripe Version: 4.3.1====
====Start Log====
customers/cus_GN2BD5ah3j7iiy/sources request: Array
(
    [limit] => 100
)

====End Log====


2019-12-20T05:58:26+00:00 DEBUG 
====Stripe Version: 4.3.1====
====Start Log====
customers/cus_GN2BD5ah3j7iiy/sources request: Array
(
    [limit] => 100
)

====End Log====


2019-12-20T05:58:31+00:00 DEBUG 
====Stripe Version: 4.3.1====
====Start Log====
customers/cus_GN2BD5ah3j7iiy/sources request: Array
(
    [limit] => 100
)

====End Log====


2019-12-20T05:58:34+00:00 DEBUG 
====Stripe Version: 4.3.1====
====Start Log====
customers/cus_GN2BD5ah3j7iiy/sources request: Array
(
    [limit] => 100
)

====End Log====


2019-12-20T05:58:57+00:00 DEBUG 
====Stripe Version: 4.3.1====
====Start Log====
customers/cus_GN2BD5ah3j7iiy/sources request: Array
(
    [limit] => 100
)

====End Log====


2019-12-20T05:59:01+00:00 DEBUG 
====Stripe Version: 4.3.1====
====Start Log====
customers/cus_GN2BD5ah3j7iiy/sources request: Array
(
    [limit] => 100
)

====End Log====


2019-12-20T05:59:59+00:00 DEBUG 
====Stripe Version: 4.3.1====
====Start Log====
customers/cus_GN2BD5ah3j7iiy/sources request: Array
(
    [limit] => 100
)

====End Log====


2019-12-20T06:00:03+00:00 DEBUG 
====Stripe Version: 4.3.1====
====Start Log====
customers/cus_GN2BD5ah3j7iiy/sources request: Array
(
    [limit] => 100
)

====End Log====


2019-12-20T06:00:10+00:00 DEBUG 
====Stripe Version: 4.3.1====
====Start Log====
customers/cus_GN2BD5ah3j7iiy/sources request: Array
(
    [limit] => 100
)

====End Log====


2019-12-20T06:00:13+00:00 DEBUG 
====Stripe Version: 4.3.1====
====Start Log====
customers/cus_GN2BD5ah3j7iiy/sources request: Array
(
    [limit] => 100
)

====End Log====


2019-12-20T06:00:22+00:00 DEBUG 
====Stripe Version: 4.3.1====
====Start Log====
customers/cus_GN2BD5ah3j7iiy/sources request: Array
(
    [limit] => 100
)

====End Log====


2019-12-20T06:00:25+00:00 DEBUG 
====Stripe Version: 4.3.1====
====Start Log====
customers/cus_GN2BD5ah3j7iiy/sources request: Array
(
    [limit] => 100
)

====End Log====


2019-12-20T06:00:35+00:00 DEBUG 
====Stripe Version: 4.3.1====
====Start Log====
Error Response: WP_Error Object
(
    [errors] => Array
        (
            [http_request_failed] => Array
                (
                    [0] => cURL error 28: Operation timed out after 10001 milliseconds with 0 out of 0 bytes received
                )

        )

    [error_data] => Array
        (
        )

)


Failed request: Array
(
    [api] => customers/cus_GN2BD5ah3j7iiy/sources
    [request] => Array
        (
            [limit] => 100
        )

    [idempotency_key] => 
)

====End Log====


2019-12-20T06:00:48+00:00 DEBUG 
====Stripe Version: 4.3.1====
====Start Log====
customers/cus_GN2BD5ah3j7iiy/sources request: Array
(
    [limit] => 100
)

====End Log====


2019-12-20T06:00:51+00:00 DEBUG 
====Stripe Version: 4.3.1====
====Start Log====
customers/cus_GN2BD5ah3j7iiy/sources request: Array
(
    [limit] => 100
)

====End Log====


2019-12-20T06:01:08+00:00 DEBUG 
====Stripe Version: 4.3.1====
====Start Log====
customers/cus_GN2BD5ah3j7iiy/sources request: Array
(
    [limit] => 100
)

====End Log====


2019-12-20T06:01:11+00:00 DEBUG 
====Stripe Version: 4.3.1====
====Start Log====
customers/cus_GN2BD5ah3j7iiy/sources request: Array
(
    [limit] => 100
)

====End Log====


2019-12-20T06:03:06+00:00 DEBUG 
====Stripe Version: 4.3.1====
====Start Log====
customers/cus_GN2BD5ah3j7iiy/sources request: Array
(
    [limit] => 100
)

====End Log====


2019-12-20T06:03:09+00:00 DEBUG 
====Stripe Version: 4.3.1====
====Start Log====
customers/cus_GN2BD5ah3j7iiy/sources request: Array
(
    [limit] => 100
)

====End Log====


2019-12-20T06:04:55+00:00 DEBUG 
====Stripe Version: 4.3.1====
====Start Log====
customers/cus_GN2BD5ah3j7iiy/sources request: Array
(
    [limit] => 100
)

====End Log====


2019-12-20T06:04:58+00:00 DEBUG 
====Stripe Version: 4.3.1====
====Start Log====
customers/cus_GN2BD5ah3j7iiy/sources request: Array
(
    [limit] => 100
)

====End Log====


2019-12-20T06:06:11+00:00 DEBUG 
====Stripe Version: 4.3.1====
====Start Log====
customers/cus_GN2BD5ah3j7iiy/sources request: Array
(
    [limit] => 100
)

====End Log====


2019-12-20T06:06:15+00:00 DEBUG 
====Stripe Version: 4.3.1====
====Start Log====
customers/cus_GN2BD5ah3j7iiy/sources request: Array
(
    [limit] => 100
)

====End Log====


2019-12-20T06:06:46+00:00 DEBUG 
====Stripe Version: 4.3.1====
====Start Log====
customers/cus_GN2BD5ah3j7iiy/sources request: Array
(
    [limit] => 100
)

====End Log====


2019-12-20T06:06:50+00:00 DEBUG 
====Stripe Version: 4.3.1====
====Start Log====
customers/cus_GN2BD5ah3j7iiy/sources request: Array
(
    [limit] => 100
)

====End Log====


2019-12-20T06:08:14+00:00 DEBUG 
====Stripe Version: 4.3.1====
====Start Log====
customers/cus_GN2BD5ah3j7iiy/sources request: Array
(
    [limit] => 100
)

====End Log====


2019-12-20T06:08:18+00:00 DEBUG 
====Stripe Version: 4.3.1====
====Start Log====
customers/cus_GN2BD5ah3j7iiy/sources request: Array
(
    [limit] => 100
)

====End Log====


2019-12-20T06:08:45+00:00 DEBUG 
====Stripe Version: 4.3.1====
====Start Log====
customers/cus_GN2BD5ah3j7iiy/sources request: Array
(
    [limit] => 100
)

====End Log====


2019-12-20T06:08:48+00:00 DEBUG 
====Stripe Version: 4.3.1====
====Start Log====
customers/cus_GN2BD5ah3j7iiy/sources request: Array
(
    [limit] => 100
)

====End Log====


2019-12-20T06:09:09+00:00 DEBUG 
====Stripe Version: 4.3.1====
====Start Log====
customers/cus_GN2BD5ah3j7iiy/sources request: Array
(
    [limit] => 100
)

====End Log====


2019-12-20T06:09:13+00:00 DEBUG 
====Stripe Version: 4.3.1====
====Start Log====
customers/cus_GN2BD5ah3j7iiy/sources request: Array
(
    [limit] => 100
)

====End Log====


2019-12-20T06:09:20+00:00 DEBUG 
====Stripe Version: 4.3.1====
====Start Log====
customers/cus_GN2BD5ah3j7iiy/sources request: Array
(
    [limit] => 100
)

====End Log====


2019-12-20T06:09:23+00:00 DEBUG 
====Stripe Version: 4.3.1====
====Start Log====
customers/cus_GN2BD5ah3j7iiy/sources request: Array
(
    [limit] => 100
)

====End Log====


2019-12-20T06:09:59+00:00 DEBUG 
====Stripe Version: 4.3.1====
====Start Log====
customers/cus_GN2BD5ah3j7iiy/sources request: Array
(
    [limit] => 100
)

====End Log====


2019-12-20T06:10:03+00:00 DEBUG 
====Stripe Version: 4.3.1====
====Start Log====
customers/cus_GN2BD5ah3j7iiy/sources request: Array
(
    [limit] => 100
)

====End Log====


2019-12-20T06:10:24+00:00 DEBUG 
====Stripe Version: 4.3.1====
====Start Log====
customers/cus_GN2BD5ah3j7iiy/sources request: Array
(
    [limit] => 100
)

====End Log====


2019-12-20T06:10:28+00:00 DEBUG 
====Stripe Version: 4.3.1====
====Start Log====
customers/cus_GN2BD5ah3j7iiy/sources request: Array
(
    [limit] => 100
)

====End Log====


2019-12-20T06:11:50+00:00 DEBUG 
====Stripe Version: 4.3.1====
====Start Log====
customers/cus_GN2BD5ah3j7iiy/sources request: Array
(
    [limit] => 100
)

====End Log====


2019-12-20T06:11:54+00:00 DEBUG 
====Stripe Version: 4.3.1====
====Start Log====
customers/cus_GN2BD5ah3j7iiy/sources request: Array
(
    [limit] => 100
)

====End Log====


2019-12-20T07:06:48+00:00 DEBUG 
====Stripe Version: 4.3.1====
====Start Log====
customers/cus_GN2BD5ah3j7iiy/sources request: Array
(
    [limit] => 100
)

====End Log====


2019-12-20T07:06:51+00:00 DEBUG 
====Stripe Version: 4.3.1====
====Start Log====
customers/cus_GN2BD5ah3j7iiy/sources request: Array
(
    [limit] => 100
)

====End Log====


2019-12-20T07:11:27+00:00 DEBUG 
====Stripe Version: 4.3.1====
====Start Log====
customers/cus_GN2BD5ah3j7iiy/sources request: Array
(
    [limit] => 100
)

====End Log====


2019-12-20T07:11:31+00:00 DEBUG 
====Stripe Version: 4.3.1====
====Start Log====
customers/cus_GN2BD5ah3j7iiy/sources request: Array
(
    [limit] => 100
)

====End Log====


2019-12-20T07:11:36+00:00 DEBUG 
====Stripe Version: 4.3.1====
====Start Log====
customers/cus_GN2BD5ah3j7iiy/sources request: Array
(
    [limit] => 100
)

====End Log====


2019-12-20T07:11:39+00:00 DEBUG 
====Stripe Version: 4.3.1====
====Start Log====
customers/cus_GN2BD5ah3j7iiy/sources request: Array
(
    [limit] => 100
)

====End Log====


2019-12-20T07:11:55+00:00 DEBUG 
====Stripe Version: 4.3.1====
====Start Log====
customers/cus_GN2BD5ah3j7iiy/sources request: Array
(
    [limit] => 100
)

====End Log====


2019-12-20T07:11:58+00:00 DEBUG 
====Stripe Version: 4.3.1====
====Start Log====
customers/cus_GN2BD5ah3j7iiy/sources request: Array
(
    [limit] => 100
)

====End Log====


2019-12-20T07:12:46+00:00 DEBUG 
====Stripe Version: 4.3.1====
====Start Log====
customers/cus_GN2BD5ah3j7iiy/sources request: Array
(
    [limit] => 100
)

====End Log====


2019-12-20T07:12:50+00:00 DEBUG 
====Stripe Version: 4.3.1====
====Start Log====
customers/cus_GN2BD5ah3j7iiy/sources request: Array
(
    [limit] => 100
)

====End Log====


