2019-12-17T06:12:46+00:00 DEBUG 
====Stripe Version: 4.3.1====
====Start Log====
customers/cus_GN2BD5ah3j7iiy/sources request: Array
(
    [limit] => 100
)

====End Log====


2019-12-17T06:12:47+00:00 DEBUG 
====Stripe Version: 4.3.1====
====Start Log====
customers/cus_GN2BD5ah3j7iiy/sources request: Array
(
    [limit] => 100
)

====End Log====


2019-12-17T06:13:20+00:00 DEBUG 
====Stripe Version: 4.3.1====
====Start Log====
customers/cus_GN2BD5ah3j7iiy/sources request: Array
(
    [limit] => 100
)

====End Log====


2019-12-17T06:13:24+00:00 DEBUG 
====Stripe Version: 4.3.1====
====Start Log====
customers/cus_GN2BD5ah3j7iiy/sources request: Array
(
    [limit] => 100
)

====End Log====


2019-12-17T06:15:07+00:00 DEBUG 
====Stripe Version: 4.3.1====
====Start Log====
customers/cus_GN2BD5ah3j7iiy/sources request: Array
(
    [limit] => 100
)

====End Log====


2019-12-17T06:15:13+00:00 DEBUG 
====Stripe Version: 4.3.1====
====Start Log====
customers/cus_GN2BD5ah3j7iiy/sources request: Array
(
    [limit] => 100
)

====End Log====


2019-12-17T06:21:02+00:00 DEBUG 
====Stripe Version: 4.3.1====
====Start Log====
customers/cus_GN2BD5ah3j7iiy/sources request: Array
(
    [limit] => 100
)

====End Log====


2019-12-17T06:21:07+00:00 DEBUG 
====Stripe Version: 4.3.1====
====Start Log====
customers/cus_GN2BD5ah3j7iiy/sources request: Array
(
    [limit] => 100
)

====End Log====


2019-12-17T06:21:23+00:00 DEBUG 
====Stripe Version: 4.3.1====
====Start Log====
customers/cus_GN2BD5ah3j7iiy/sources request: Array
(
    [limit] => 100
)

====End Log====


2019-12-17T06:21:28+00:00 DEBUG 
====Stripe Version: 4.3.1====
====Start Log====
customers/cus_GN2BD5ah3j7iiy/sources request: Array
(
    [limit] => 100
)

====End Log====


2019-12-17T06:22:21+00:00 DEBUG 
====Stripe Version: 4.3.1====
====Start Log====
customers/cus_GN2BD5ah3j7iiy/sources request: Array
(
    [limit] => 100
)

====End Log====


2019-12-17T06:22:26+00:00 DEBUG 
====Stripe Version: 4.3.1====
====Start Log====
customers/cus_GN2BD5ah3j7iiy/sources request: Array
(
    [limit] => 100
)

====End Log====


2019-12-17T06:30:56+00:00 DEBUG 
====Stripe Version: 4.3.1====
====Start Log====
customers/cus_GN2BD5ah3j7iiy/sources request: Array
(
    [limit] => 100
)

====End Log====


2019-12-17T06:31:03+00:00 DEBUG 
====Stripe Version: 4.3.1====
====Start Log====
customers/cus_GN2BD5ah3j7iiy/sources request: Array
(
    [limit] => 100
)

====End Log====


2019-12-17T06:33:29+00:00 DEBUG 
====Stripe Version: 4.3.1====
====Start Log====
customers/cus_GN2BD5ah3j7iiy/sources request: Array
(
    [limit] => 100
)

====End Log====


2019-12-17T06:33:34+00:00 DEBUG 
====Stripe Version: 4.3.1====
====Start Log====
customers/cus_GN2BD5ah3j7iiy/sources request: Array
(
    [limit] => 100
)

====End Log====


2019-12-17T06:34:19+00:00 DEBUG 
====Stripe Version: 4.3.1====
====Start Log====
customers/cus_GN2BD5ah3j7iiy/sources request: Array
(
    [limit] => 100
)

====End Log====


2019-12-17T06:34:24+00:00 DEBUG 
====Stripe Version: 4.3.1====
====Start Log====
customers/cus_GN2BD5ah3j7iiy/sources request: Array
(
    [limit] => 100
)

====End Log====


2019-12-17T06:34:39+00:00 DEBUG 
====Stripe Version: 4.3.1====
====Start Log====
customers/cus_GN2BD5ah3j7iiy/sources request: Array
(
    [limit] => 100
)

====End Log====


2019-12-17T06:34:43+00:00 DEBUG 
====Stripe Version: 4.3.1====
====Start Log====
customers/cus_GN2BD5ah3j7iiy/sources request: Array
(
    [limit] => 100
)

====End Log====


2019-12-17T06:35:45+00:00 DEBUG 
====Stripe Version: 4.3.1====
====Start Log====
customers/cus_GN2BD5ah3j7iiy/sources request: Array
(
    [limit] => 100
)

====End Log====


2019-12-17T06:35:51+00:00 DEBUG 
====Stripe Version: 4.3.1====
====Start Log====
customers/cus_GN2BD5ah3j7iiy/sources request: Array
(
    [limit] => 100
)

====End Log====


2019-12-17T07:08:09+00:00 DEBUG 
====Stripe Version: 4.3.1====
====Start Log====
customers/cus_GN2BD5ah3j7iiy/sources request: Array
(
    [limit] => 100
)

====End Log====


2019-12-17T07:08:15+00:00 DEBUG 
====Stripe Version: 4.3.1====
====Start Log====
customers/cus_GN2BD5ah3j7iiy/sources request: Array
(
    [limit] => 100
)

====End Log====


2019-12-17T07:16:58+00:00 DEBUG 
====Stripe Version: 4.3.1====
====Start Log====
customers/cus_GN2BD5ah3j7iiy/sources request: Array
(
    [limit] => 100
)

====End Log====


2019-12-17T07:17:05+00:00 DEBUG 
====Stripe Version: 4.3.1====
====Start Log====
customers/cus_GN2BD5ah3j7iiy/sources request: Array
(
    [limit] => 100
)

====End Log====


2019-12-17T07:18:09+00:00 DEBUG 
====Stripe Version: 4.3.1====
====Start Log====
customers/cus_GN2BD5ah3j7iiy/sources request: Array
(
    [limit] => 100
)

====End Log====


2019-12-17T07:18:14+00:00 DEBUG 
====Stripe Version: 4.3.1====
====Start Log====
customers/cus_GN2BD5ah3j7iiy/sources request: Array
(
    [limit] => 100
)

====End Log====


2019-12-17T07:18:42+00:00 DEBUG 
====Stripe Version: 4.3.1====
====Start Log====
customers/cus_GN2BD5ah3j7iiy/sources request: Array
(
    [limit] => 100
)

====End Log====


2019-12-17T07:18:47+00:00 DEBUG 
====Stripe Version: 4.3.1====
====Start Log====
customers/cus_GN2BD5ah3j7iiy/sources request: Array
(
    [limit] => 100
)

====End Log====


2019-12-17T07:19:52+00:00 DEBUG 
====Stripe Version: 4.3.1====
====Start Log====
customers/cus_GN2BD5ah3j7iiy/sources request: Array
(
    [limit] => 100
)

====End Log====


2019-12-17T07:19:58+00:00 DEBUG 
====Stripe Version: 4.3.1====
====Start Log====
customers/cus_GN2BD5ah3j7iiy/sources request: Array
(
    [limit] => 100
)

====End Log====


2019-12-17T07:24:22+00:00 DEBUG 
====Stripe Version: 4.3.1====
====Start Log====
customers/cus_GN2BD5ah3j7iiy/sources request: Array
(
    [limit] => 100
)

====End Log====


2019-12-17T07:24:27+00:00 DEBUG 
====Stripe Version: 4.3.1====
====Start Log====
customers/cus_GN2BD5ah3j7iiy/sources request: Array
(
    [limit] => 100
)

====End Log====


2019-12-17T08:50:31+00:00 DEBUG 
====Stripe Version: 4.3.1====
====Start Log====
customers/cus_GN2BD5ah3j7iiy/sources request: Array
(
    [limit] => 100
)

====End Log====


2019-12-17T08:50:37+00:00 DEBUG 
====Stripe Version: 4.3.1====
====Start Log====
customers/cus_GN2BD5ah3j7iiy/sources request: Array
(
    [limit] => 100
)

====End Log====


2019-12-17T09:14:10+00:00 DEBUG 
====Stripe Version: 4.3.1====
====Start Log====
customers/cus_GN2BD5ah3j7iiy/sources request: Array
(
    [limit] => 100
)

====End Log====


2019-12-17T09:14:16+00:00 DEBUG 
====Stripe Version: 4.3.1====
====Start Log====
customers/cus_GN2BD5ah3j7iiy/sources request: Array
(
    [limit] => 100
)

====End Log====


2019-12-17T09:16:18+00:00 DEBUG 
====Stripe Version: 4.3.1====
====Start Log====
customers/cus_GN2BD5ah3j7iiy/sources request: Array
(
    [limit] => 100
)

====End Log====


2019-12-17T09:16:23+00:00 DEBUG 
====Stripe Version: 4.3.1====
====Start Log====
customers/cus_GN2BD5ah3j7iiy/sources request: Array
(
    [limit] => 100
)

====End Log====


2019-12-17T09:22:28+00:00 DEBUG 
====Stripe Version: 4.3.1====
====Start Log====
customers/cus_GN2BD5ah3j7iiy/sources request: Array
(
    [limit] => 100
)

====End Log====


2019-12-17T09:22:33+00:00 DEBUG 
====Stripe Version: 4.3.1====
====Start Log====
customers/cus_GN2BD5ah3j7iiy/sources request: Array
(
    [limit] => 100
)

====End Log====


2019-12-17T09:39:30+00:00 DEBUG 
====Stripe Version: 4.3.1====
====Start Log====
customers/cus_GN2BD5ah3j7iiy/sources request: Array
(
    [limit] => 100
)

====End Log====


2019-12-17T09:39:35+00:00 DEBUG 
====Stripe Version: 4.3.1====
====Start Log====
customers/cus_GN2BD5ah3j7iiy/sources request: Array
(
    [limit] => 100
)

====End Log====


2019-12-17T09:40:52+00:00 DEBUG 
====Stripe Version: 4.3.1====
====Start Log====
sources/src_1FqcXsKspotQjzIId9jHEAr6
====End Log====


2019-12-17T09:40:53+00:00 DEBUG 
====Stripe Version: 4.3.1====
====Start Log====
customers/cus_GN2BD5ah3j7iiy request: Array
(
    [email] => admin@gmail.com
    [description] => Name: Test QQQ, Username: Test
    [metadata] => Array
        (
        )

)

====End Log====


2019-12-17T09:40:54+00:00 DEBUG 
====Stripe Version: 4.3.1====
====Start Log====
Info: Begin processing payment for order 174 for the amount of 1067
====End Log====


2019-12-17T09:40:54+00:00 DEBUG 
====Stripe Version: 4.3.1====
====Start Log====
payment_intents request: Array
(
    [source] => src_1FqcXsKspotQjzIId9jHEAr6
    [amount] => 106700
    [currency] => inr
    [description] => basicwoo - Order 174
    [metadata] => Array
        (
            [customer_name] => Test QQQ
            [customer_email] => admin@gmail.com
            [order_id] => 174
        )

    [capture_method] => automatic
    [payment_method_types] => Array
        (
            [0] => card
        )

    [customer] => cus_GN2BD5ah3j7iiy
)

====End Log====


2019-12-17T09:41:16+00:00 DEBUG 
====Stripe Version: 4.3.1====
====Start Log====
Error Response: WP_Error Object
(
    [errors] => Array
        (
            [http_request_failed] => Array
                (
                    [0] => cURL error 56: OpenSSL SSL_read: SSL_ERROR_SYSCALL, errno 10054
                )

        )

    [error_data] => Array
        (
        )

)


Failed request: Array
(
    [api] => payment_intents
    [request] => Array
        (
            [source] => src_1FqcXsKspotQjzIId9jHEAr6
            [amount] => 106700
            [currency] => inr
            [description] => basicwoo - Order 174
            [metadata] => Array
                (
                    [customer_name] => Test QQQ
                    [customer_email] => admin@gmail.com
                    [order_id] => 174
                )

            [capture_method] => automatic
            [payment_method_types] => Array
                (
                    [0] => card
                )

            [customer] => cus_GN2BD5ah3j7iiy
        )

    [idempotency_key] => 
)

====End Log====


2019-12-17T09:41:16+00:00 DEBUG 
====Stripe Version: 4.3.1====
====Start Log====
Error: WP_Error Object
(
    [errors] => Array
        (
            [http_request_failed] => Array
                (
                    [0] => cURL error 56: OpenSSL SSL_read: SSL_ERROR_SYSCALL, errno 10054
                )

        )

    [error_data] => Array
        (
        )

)

====End Log====


2019-12-17T09:42:11+00:00 DEBUG 
====Stripe Version: 4.3.1====
====Start Log====
customers/cus_GN2BD5ah3j7iiy/sources request: Array
(
    [limit] => 100
)

====End Log====


2019-12-17T09:42:19+00:00 DEBUG 
====Stripe Version: 4.3.1====
====Start Log====
customers/cus_GN2BD5ah3j7iiy/sources request: Array
(
    [limit] => 100
)

====End Log====


2019-12-17T09:55:50+00:00 DEBUG 
====Stripe Version: 4.3.1====
====Start Log====
customers/cus_GN2BD5ah3j7iiy/sources request: Array
(
    [limit] => 100
)

====End Log====


2019-12-17T09:55:57+00:00 DEBUG 
====Stripe Version: 4.3.1====
====Start Log====
customers/cus_GN2BD5ah3j7iiy/sources request: Array
(
    [limit] => 100
)

====End Log====


2019-12-17T09:58:47+00:00 DEBUG 
====Stripe Version: 4.3.1====
====Start Log====
customers/cus_GN2BD5ah3j7iiy/sources request: Array
(
    [limit] => 100
)

====End Log====


2019-12-17T09:58:52+00:00 DEBUG 
====Stripe Version: 4.3.1====
====Start Log====
customers/cus_GN2BD5ah3j7iiy/sources request: Array
(
    [limit] => 100
)

====End Log====


2019-12-17T09:59:39+00:00 DEBUG 
====Stripe Version: 4.3.1====
====Start Log====
customers/cus_GN2BD5ah3j7iiy/sources request: Array
(
    [limit] => 100
)

====End Log====


2019-12-17T09:59:44+00:00 DEBUG 
====Stripe Version: 4.3.1====
====Start Log====
customers/cus_GN2BD5ah3j7iiy/sources request: Array
(
    [limit] => 100
)

====End Log====


2019-12-17T10:00:31+00:00 DEBUG 
====Stripe Version: 4.3.1====
====Start Log====
customers/cus_GN2BD5ah3j7iiy/sources request: Array
(
    [limit] => 100
)

====End Log====


2019-12-17T10:00:35+00:00 DEBUG 
====Stripe Version: 4.3.1====
====Start Log====
customers/cus_GN2BD5ah3j7iiy/sources request: Array
(
    [limit] => 100
)

====End Log====


2019-12-17T10:41:54+00:00 DEBUG 
====Stripe Version: 4.3.1====
====Start Log====
customers/cus_GN2BD5ah3j7iiy/sources request: Array
(
    [limit] => 100
)

====End Log====


2019-12-17T10:42:00+00:00 DEBUG 
====Stripe Version: 4.3.1====
====Start Log====
customers/cus_GN2BD5ah3j7iiy/sources request: Array
(
    [limit] => 100
)

====End Log====


2019-12-17T10:44:02+00:00 DEBUG 
====Stripe Version: 4.3.1====
====Start Log====
customers/cus_GN2BD5ah3j7iiy/sources request: Array
(
    [limit] => 100
)

====End Log====


2019-12-17T10:44:07+00:00 DEBUG 
====Stripe Version: 4.3.1====
====Start Log====
customers/cus_GN2BD5ah3j7iiy/sources request: Array
(
    [limit] => 100
)

====End Log====


2019-12-17T10:49:10+00:00 DEBUG 
====Stripe Version: 4.3.1====
====Start Log====
customers/cus_GN2BD5ah3j7iiy/sources request: Array
(
    [limit] => 100
)

====End Log====


2019-12-17T10:49:15+00:00 DEBUG 
====Stripe Version: 4.3.1====
====Start Log====
customers/cus_GN2BD5ah3j7iiy/sources request: Array
(
    [limit] => 100
)

====End Log====


2019-12-17T10:49:18+00:00 DEBUG 
====Stripe Version: 4.3.1====
====Start Log====
customers/cus_GN2BD5ah3j7iiy/sources request: Array
(
    [limit] => 100
)

====End Log====


2019-12-17T10:49:22+00:00 DEBUG 
====Stripe Version: 4.3.1====
====Start Log====
customers/cus_GN2BD5ah3j7iiy/sources request: Array
(
    [limit] => 100
)

====End Log====


2019-12-17T10:50:18+00:00 DEBUG 
====Stripe Version: 4.3.1====
====Start Log====
customers/cus_GN2BD5ah3j7iiy/sources request: Array
(
    [limit] => 100
)

====End Log====


2019-12-17T10:50:22+00:00 DEBUG 
====Stripe Version: 4.3.1====
====Start Log====
customers/cus_GN2BD5ah3j7iiy/sources request: Array
(
    [limit] => 100
)

====End Log====


2019-12-17T11:48:03+00:00 DEBUG 
====Stripe Version: 4.3.1====
====Start Log====
customers/cus_GN2BD5ah3j7iiy/sources request: Array
(
    [limit] => 100
)

====End Log====


2019-12-17T11:48:09+00:00 DEBUG 
====Stripe Version: 4.3.1====
====Start Log====
customers/cus_GN2BD5ah3j7iiy/sources request: Array
(
    [limit] => 100
)

====End Log====


2019-12-17T11:54:14+00:00 DEBUG 
====Stripe Version: 4.3.1====
====Start Log====
customers/cus_GN2BD5ah3j7iiy/sources request: Array
(
    [limit] => 100
)

====End Log====


2019-12-17T11:54:20+00:00 DEBUG 
====Stripe Version: 4.3.1====
====Start Log====
customers/cus_GN2BD5ah3j7iiy/sources request: Array
(
    [limit] => 100
)

====End Log====


2019-12-17T12:18:18+00:00 DEBUG 
====Stripe Version: 4.3.1====
====Start Log====
customers/cus_GN2BD5ah3j7iiy/sources request: Array
(
    [limit] => 100
)

====End Log====


2019-12-17T12:18:24+00:00 DEBUG 
====Stripe Version: 4.3.1====
====Start Log====
customers/cus_GN2BD5ah3j7iiy/sources request: Array
(
    [limit] => 100
)

====End Log====


2019-12-17T12:20:49+00:00 DEBUG 
====Stripe Version: 4.3.1====
====Start Log====
customers/cus_GN2BD5ah3j7iiy/sources request: Array
(
    [limit] => 100
)

====End Log====


2019-12-17T12:20:56+00:00 DEBUG 
====Stripe Version: 4.3.1====
====Start Log====
customers/cus_GN2BD5ah3j7iiy/sources request: Array
(
    [limit] => 100
)

====End Log====


2019-12-17T12:23:28+00:00 DEBUG 
====Stripe Version: 4.3.1====
====Start Log====
customers/cus_GN2BD5ah3j7iiy/sources request: Array
(
    [limit] => 100
)

====End Log====


2019-12-17T12:23:36+00:00 DEBUG 
====Stripe Version: 4.3.1====
====Start Log====
customers/cus_GN2BD5ah3j7iiy/sources request: Array
(
    [limit] => 100
)

====End Log====


2019-12-17T12:25:09+00:00 DEBUG 
====Stripe Version: 4.3.1====
====Start Log====
customers/cus_GN2BD5ah3j7iiy/sources request: Array
(
    [limit] => 100
)

====End Log====


2019-12-17T12:25:14+00:00 DEBUG 
====Stripe Version: 4.3.1====
====Start Log====
customers/cus_GN2BD5ah3j7iiy/sources request: Array
(
    [limit] => 100
)

====End Log====


2019-12-17T12:25:18+00:00 DEBUG 
====Stripe Version: 4.3.1====
====Start Log====
customers/cus_GN2BD5ah3j7iiy/sources request: Array
(
    [limit] => 100
)

====End Log====


2019-12-17T12:25:23+00:00 DEBUG 
====Stripe Version: 4.3.1====
====Start Log====
customers/cus_GN2BD5ah3j7iiy/sources request: Array
(
    [limit] => 100
)

====End Log====


